Using pre-set license
Built from '2022.3/staging' branch; Version is '2022.3.22f1 (887be4894c44) revision 8944612'; Using compiler version '192829333'; Build Type 'Release'
OS: 'Windows 11  (10.0.22631) 64bit CoreSingleLanguage' Language: 'en' Physical Memory: 16085 MB
BatchMode: 1, IsHumanControllingUs: 0, StartBugReporterOnCrash: 0, Is64bit: 1, IsPro: 1

COMMAND LINE ARGUMENTS:
C:\Program Files\Unity\Hub\Editor\2022.3.22f1\Editor\Unity.exe
-adb2
-batchMode
-noUpm
-name
AssetImportWorker7
-projectPath
C:/Users/Sanskar/OneDrive - The Northcap university/Endless_Runner
-logFile
Logs/AssetImportWorker7.log
-srvPort
56804
Successfully changed project path to: C:/Users/Sanskar/OneDrive - The Northcap university/Endless_Runner
C:/Users/Sanskar/OneDrive - The Northcap university/Endless_Runner
[UnityMemory] Configuration Parameters - Can be set up in boot.config
    "memorysetup-bucket-allocator-granularity=16"
    "memorysetup-bucket-allocator-bucket-count=8"
    "memorysetup-bucket-allocator-block-size=33554432"
    "memorysetup-bucket-allocator-block-count=8"
    "memorysetup-main-allocator-block-size=16777216"
    "memorysetup-thread-allocator-block-size=16777216"
    "memorysetup-gfx-main-allocator-block-size=16777216"
    "memorysetup-gfx-thread-allocator-block-size=16777216"
    "memorysetup-cache-allocator-block-size=4194304"
    "memorysetup-typetree-allocator-block-size=2097152"
    "memorysetup-profiler-bucket-allocator-granularity=16"
    "memorysetup-profiler-bucket-allocator-bucket-count=8"
    "memorysetup-profiler-bucket-allocator-block-size=33554432"
    "memorysetup-profiler-bucket-allocator-block-count=8"
    "memorysetup-profiler-allocator-block-size=16777216"
    "memorysetup-profiler-editor-allocator-block-size=1048576"
    "memorysetup-temp-allocator-size-main=16777216"
    "memorysetup-job-temp-allocator-block-size=2097152"
    "memorysetup-job-temp-allocator-block-size-background=1048576"
    "memorysetup-job-temp-allocator-reduction-small-platforms=262144"
    "memorysetup-allocator-temp-initial-block-size-main=262144"
    "memorysetup-allocator-temp-initial-block-size-worker=262144"
    "memorysetup-temp-allocator-size-background-worker=32768"
    "memorysetup-temp-allocator-size-job-worker=262144"
    "memorysetup-temp-allocator-size-preload-manager=33554432"
    "memorysetup-temp-allocator-size-nav-mesh-worker=65536"
    "memorysetup-temp-allocator-size-audio-worker=65536"
    "memorysetup-temp-allocator-size-cloud-worker=32768"
    "memorysetup-temp-allocator-size-gi-baking-worker=262144"
    "memorysetup-temp-allocator-size-gfx=262144"
Player connection [6396] Host "[IP] 192.168.1.4 [Port] 0 [Flags] 2 [Guid] 1727213977 [EditorId] 1727213977 [Version] 1048832 [Id] WindowsEditor(7,MSI) [Debug] 1 [PackageName] WindowsEditor [ProjectName] Editor" joined multi-casting on [225.0.0.222:54997]...

Player connection [6396] Host "[IP] 192.168.1.4 [Port] 0 [Flags] 2 [Guid] 1727213977 [EditorId] 1727213977 [Version] 1048832 [Id] WindowsEditor(7,MSI) [Debug] 1 [PackageName] WindowsEditor [ProjectName] Editor" joined alternative multi-casting on [225.0.0.222:34997]...

[Physics::Module] Initialized MultithreadedJobDispatcher with 19 workers.
Refreshing native plugins compatible for Editor in 7.76 ms, found 3 plugins.
Preloading 0 native plugins for Editor in 0.00 ms.
Initialize engine version: 2022.3.22f1 (887be4894c44)
[Subsystems] Discovering subsystems at path C:/Program Files/Unity/Hub/Editor/2022.3.22f1/Editor/Data/Resources/UnitySubsystems
[Subsystems] Discovering subsystems at path C:/Users/Sanskar/OneDrive - The Northcap university/Endless_Runner/Assets
GfxDevice: creating device client; threaded=0; jobified=0
Direct3D:
    Version:  Direct3D 11.0 [level 11.1]
    Renderer: NVIDIA GeForce RTX 3050 Ti Laptop GPU (ID=0x25a0)
    Vendor:   NVIDIA
    VRAM:     3978 MB
    Driver:   31.0.15.3667
Initialize mono
Mono path[0] = 'C:/Program Files/Unity/Hub/Editor/2022.3.22f1/Editor/Data/Managed'
Mono path[1] = 'C:/Program Files/Unity/Hub/Editor/2022.3.22f1/Editor/Data/MonoBleedingEdge/lib/mono/unityjit-win32'
Mono config path = 'C:/Program Files/Unity/Hub/Editor/2022.3.22f1/Editor/Data/MonoBleedingEdge/etc'
Using monoOptions --debugger-agent=transport=dt_socket,embedding=1,server=y,suspend=n,address=127.0.0.1:56060
Begin MonoManager ReloadAssembly
Registering precompiled unity dll's ...
Register platform support module: C:/Program Files/Unity/Hub/Editor/2022.3.22f1/Editor/Data/PlaybackEngines/AndroidPlayer/UnityEditor.Android.Extensions.dll
Register platform support module: C:/Program Files/Unity/Hub/Editor/2022.3.22f1/Editor/Data/PlaybackEngines/WindowsStandaloneSupport/UnityEditor.WindowsStandalone.Extensions.dll
Registered in 0.012169 seconds.
- Loaded All Assemblies, in  0.301 seconds
Native extension for WindowsStandalone target not found
Native extension for Android target not found
Android Extension - Scanning For ADB Devices 366 ms
Mono: successfully reloaded assembly
- Finished resetting the current domain, in  0.700 seconds
Domain Reload Profiling: 1000ms
	BeginReloadAssembly (107ms)
		ExecutionOrderSort (0ms)
		DisableScriptedObjects (0ms)
		BackupInstance (0ms)
		ReleaseScriptingObjects (0ms)
		CreateAndSetChildDomain (1ms)
	RebuildCommonClasses (24ms)
	RebuildNativeTypeToScriptingClass (7ms)
	initialDomainReloadingComplete (54ms)
	LoadAllAssembliesAndSetupDomain (108ms)
		LoadAssemblies (106ms)
		RebuildTransferFunctionScriptingTraits (0ms)
		AnalyzeDomain (105ms)
			TypeCache.Refresh (104ms)
				TypeCache.ScanAssembly (94ms)
			ScanForSourceGeneratedMonoScriptInfo (0ms)
			ResolveRequiredComponents (0ms)
	FinalizeReload (700ms)
		ReleaseScriptCaches (0ms)
		RebuildScriptCaches (0ms)
		SetupLoadedEditorAssemblies (659ms)
			LogAssemblyErrors (0ms)
			InitializePlatformSupportModulesInManaged (522ms)
			SetLoadedEditorAssemblies (3ms)
			RefreshPlugins (0ms)
			BeforeProcessingInitializeOnLoad (2ms)
			ProcessInitializeOnLoadAttributes (96ms)
			ProcessInitializeOnLoadMethodAttributes (36ms)
			AfterProcessingInitializeOnLoad (0ms)
			EditorAssembliesLoaded (0ms)
		ExecutionOrderSort2 (0ms)
		AwakeInstancesAfterBackupRestoration (0ms)
========================================================================
Worker process is ready to serve import requests
Begin MonoManager ReloadAssembly
- Loaded All Assemblies, in  1.285 seconds
Refreshing native plugins compatible for Editor in 1.80 ms, found 3 plugins.
Native extension for WindowsStandalone target not found
Native extension for Android target not found
Package Manager log level set to [2]
[Package Manager] Server::EnsureServerProcessIsRunning -- launch failed, reason: Unity was launched with the -noUpm command-line argument
[Package Manager] UpmClient::Send -- Unable to send message (not connected to UPM process).
[Package Manager] Cannot connect to Unity Package Manager local server
Mono: successfully reloaded assembly
- Finished resetting the current domain, in  0.388 seconds
Domain Reload Profiling: 1671ms
	BeginReloadAssembly (123ms)
		ExecutionOrderSort (0ms)
		DisableScriptedObjects (4ms)
		BackupInstance (0ms)
		ReleaseScriptingObjects (0ms)
		CreateAndSetChildDomain (19ms)
	RebuildCommonClasses (24ms)
	RebuildNativeTypeToScriptingClass (8ms)
	initialDomainReloadingComplete (32ms)
	LoadAllAssembliesAndSetupDomain (1097ms)
		LoadAssemblies (1029ms)
		RebuildTransferFunctionScriptingTraits (0ms)
		AnalyzeDomain (144ms)
			TypeCache.Refresh (129ms)
				TypeCache.ScanAssembly (114ms)
			ScanForSourceGeneratedMonoScriptInfo (11ms)
			ResolveRequiredComponents (3ms)
	FinalizeReload (388ms)
		ReleaseScriptCaches (0ms)
		RebuildScriptCaches (0ms)
		SetupLoadedEditorAssemblies (281ms)
			LogAssemblyErrors (0ms)
			InitializePlatformSupportModulesInManaged (16ms)
			SetLoadedEditorAssemblies (3ms)
			RefreshPlugins (0ms)
			BeforeProcessingInitializeOnLoad (39ms)
			ProcessInitializeOnLoadAttributes (205ms)
			ProcessInitializeOnLoadMethodAttributes (14ms)
			AfterProcessingInitializeOnLoad (4ms)
			EditorAssembliesLoaded (0ms)
		ExecutionOrderSort2 (0ms)
		AwakeInstancesAfterBackupRestoration (5ms)
Launched and connected shader compiler UnityShaderCompiler.exe after 0.09 seconds
Refreshing native plugins compatible for Editor in 2.56 ms, found 3 plugins.
Preloading 0 native plugins for Editor in 0.00 ms.
Unloading 3101 Unused Serialized files (Serialized files now loaded: 0)
Unloading 32 unused Assets / (57.0 KB). Loaded Objects now: 3565.
Memory consumption went from 127.3 MB to 127.2 MB.
Total: 5.200100 ms (FindLiveObjects: 0.367800 ms CreateObjectMapping: 0.144700 ms MarkObjects: 4.539400 ms  DeleteObjects: 0.135400 ms)

AssetImportParameters requested are different than current active one (requested -> active):
  custom:container-demuxer-ogg: 62fdf1f143b41e24485cea50d1cbac27 -> 
  custom:video-decoder-ogg-theora: a1e56fd34408186e4bbccfd4996cb3dc -> 
  custom:framework-win-MediaFoundation: 216162199b28c13a410421893ffa2e32 -> 
  custom:CustomObjectIndexerAttribute: 9a22284fe3817be447336de3de66b15e -> 
  custom:container-demuxer-webm: 4f35f7cbe854078d1ac9338744f61a02 -> 
  custom:container-muxer-webm: aa71ff27fc2769a1b78a27578f13a17b -> 
  custom:video-decoder-webm-vp8: 9c59270c3fd7afecdb556c50c9e8de78 -> 
  custom:SearchIndexIgnoredProperties: e643bd26f0fe6173181afceb89e7c659 -> 
  custom:AudioImporter_EditorPlatform: d09bf68614088b80899f8185d706f6e7 -> 
  custom:video-encoder-webm-vp8: eb34c28f22e8b96e1ab97ce403110664 -> 
  custom:audio-decoder-ogg-vorbis: bf7c407c2cedff20999df2af8eb42d56 -> 
  custom:audio-encoder-webm-vorbis: bf7c407c2cedff20999df2af8eb42d56 -> 
========================================================================
Received Import Request.
  Time since last request: 88490.984528 seconds.
  path: Assets/PolygonWestern/Prefabs/Props/SM_Prop_Barrel_Broken_02.prefab
  artifactKey: Guid(5c5c539a15e781e45b60eb4d0095a302) Importer(815301076,1909f56bfc062723c751e8b465ee728b)
Start importing Assets/PolygonWestern/Prefabs/Props/SM_Prop_Barrel_Broken_02.prefab using Guid(5c5c539a15e781e45b60eb4d0095a302) Importer(815301076,1909f56bfc062723c751e8b465ee728b)  -> (artifact id: 'b5cc353bcd08aed36e84ed99f2fcc373') in 0.155654 seconds
Number of updated asset objects reloaded before import = 0
Number of asset objects unloaded after import = 11
========================================================================
Received Import Request.
  Time since last request: 0.000029 seconds.
  path: Assets/PolygonWestern/Prefabs/Props/SM_Prop_Bed_02.prefab
  artifactKey: Guid(b426d99860eb8064d8dd3f29f3643f74) Importer(815301076,1909f56bfc062723c751e8b465ee728b)
Start importing Assets/PolygonWestern/Prefabs/Props/SM_Prop_Bed_02.prefab using Guid(b426d99860eb8064d8dd3f29f3643f74) Importer(815301076,1909f56bfc062723c751e8b465ee728b)  -> (artifact id: 'bc87127dceccb00de102be38b0e11273') in 0.077614 seconds
Number of updated asset objects reloaded before import = 0
Number of asset objects unloaded after import = 12
========================================================================
Received Import Request.
  Time since last request: 0.000039 seconds.
  path: Assets/PolygonWestern/Prefabs/Props/SM_Prop_Bottle_02.prefab
  artifactKey: Guid(9e1ddde96005d514a98b2d681f4e9958) Importer(815301076,1909f56bfc062723c751e8b465ee728b)
Start importing Assets/PolygonWestern/Prefabs/Props/SM_Prop_Bottle_02.prefab using Guid(9e1ddde96005d514a98b2d681f4e9958) Importer(815301076,1909f56bfc062723c751e8b465ee728b)  -> (artifact id: '16f0be38ab84e8af271f64e04204bae9') in 0.034972 seconds
Number of updated asset objects reloaded before import = 0
Number of asset objects unloaded after import = 11
========================================================================
Received Import Request.
  Time since last request: 0.000024 seconds.
  path: Assets/PolygonWestern/Prefabs/Props/SM_Prop_Bottle_07.prefab
  artifactKey: Guid(b47143e38d867634c84f36f76f519f53) Importer(815301076,1909f56bfc062723c751e8b465ee728b)
Start importing Assets/PolygonWestern/Prefabs/Props/SM_Prop_Bottle_07.prefab using Guid(b47143e38d867634c84f36f76f519f53) Importer(815301076,1909f56bfc062723c751e8b465ee728b)  -> (artifact id: 'd0a6e9f347e19017d0904b212adbf253') in 0.027766 seconds
Number of updated asset objects reloaded before import = 0
Number of asset objects unloaded after import = 11
========================================================================
Received Import Request.
  Time since last request: 0.000016 seconds.
  path: Assets/PolygonWestern/Prefabs/Props/SM_Prop_Candle_01.prefab
  artifactKey: Guid(d76ed845dcade7a4fb57b74ecf0e0854) Importer(815301076,1909f56bfc062723c751e8b465ee728b)
Start importing Assets/PolygonWestern/Prefabs/Props/SM_Prop_Candle_01.prefab using Guid(d76ed845dcade7a4fb57b74ecf0e0854) Importer(815301076,1909f56bfc062723c751e8b465ee728b)  -> (artifact id: 'd361ae4b21dfac92002c9a0f88ea11c4') in 0.034888 seconds
Number of updated asset objects reloaded before import = 0
Number of asset objects unloaded after import = 10
========================================================================
Received Import Request.
  Time since last request: 0.000022 seconds.
  path: Assets/PolygonWestern/Prefabs/Props/SM_Prop_Cup_01.prefab
  artifactKey: Guid(e3dc28775b6601d4db8b54c23e2cfcf7) Importer(815301076,1909f56bfc062723c751e8b465ee728b)
Start importing Assets/PolygonWestern/Prefabs/Props/SM_Prop_Cup_01.prefab using Guid(e3dc28775b6601d4db8b54c23e2cfcf7) Importer(815301076,1909f56bfc062723c751e8b465ee728b)  -> (artifact id: 'eb2120d337c2a9ee56cf9e06bf26abf4') in 0.027310 seconds
Number of updated asset objects reloaded before import = 0
Number of asset objects unloaded after import = 11
========================================================================
Received Import Request.
  Time since last request: 0.000024 seconds.
  path: Assets/PolygonWestern/Prefabs/Props/SM_Prop_Bottle_Broken_03.prefab
  artifactKey: Guid(4cf69b23636f85b4e943f026d1a910aa) Importer(815301076,1909f56bfc062723c751e8b465ee728b)
Start importing Assets/PolygonWestern/Prefabs/Props/SM_Prop_Bottle_Broken_03.prefab using Guid(4cf69b23636f85b4e943f026d1a910aa) Importer(815301076,1909f56bfc062723c751e8b465ee728b)  -> (artifact id: '660d05dc50a3e13615e2d19ce408d50d') in 0.025453 seconds
Number of updated asset objects reloaded before import = 0
Number of asset objects unloaded after import = 11
========================================================================
Received Import Request.
  Time since last request: 0.000020 seconds.
  path: Assets/PolygonWestern/Prefabs/Props/SM_Prop_Bottle_Candle_02.prefab
  artifactKey: Guid(c6ab61d40da1cf444b727292a6ed2553) Importer(815301076,1909f56bfc062723c751e8b465ee728b)
Start importing Assets/PolygonWestern/Prefabs/Props/SM_Prop_Bottle_Candle_02.prefab using Guid(c6ab61d40da1cf444b727292a6ed2553) Importer(815301076,1909f56bfc062723c751e8b465ee728b)  -> (artifact id: 'c985545942d080fe59e2b9ce08482ed5') in 0.026753 seconds
Number of updated asset objects reloaded before import = 0
Number of asset objects unloaded after import = 11
========================================================================
Received Import Request.
  Time since last request: 0.000018 seconds.
  path: Assets/PolygonWestern/Prefabs/Props/SM_Prop_Crate_01.prefab
  artifactKey: Guid(5278b16ea019ebd46828c7ff64b50651) Importer(815301076,1909f56bfc062723c751e8b465ee728b)
Start importing Assets/PolygonWestern/Prefabs/Props/SM_Prop_Crate_01.prefab using Guid(5278b16ea019ebd46828c7ff64b50651) Importer(815301076,1909f56bfc062723c751e8b465ee728b)  -> (artifact id: 'fcdbfc9afa59da423cefbaa076d3dfdb') in 0.029715 seconds
Number of updated asset objects reloaded before import = 0
Number of asset objects unloaded after import = 11
========================================================================
Received Import Request.
  Time since last request: 0.000042 seconds.
  path: Assets/PolygonWestern/Prefabs/Props/SM_Prop_Cup_02.prefab
  artifactKey: Guid(4334dc664651c304b818f4524921b273) Importer(815301076,1909f56bfc062723c751e8b465ee728b)
Start importing Assets/PolygonWestern/Prefabs/Props/SM_Prop_Cup_02.prefab using Guid(4334dc664651c304b818f4524921b273) Importer(815301076,1909f56bfc062723c751e8b465ee728b)  -> (artifact id: '61f6421c13276f27346b67d8cae46eba') in 0.025314 seconds
Number of updated asset objects reloaded before import = 0
Number of asset objects unloaded after import = 11
========================================================================
Received Import Request.
  Time since last request: 0.000040 seconds.
  path: Assets/PolygonWestern/Prefabs/Props/SM_Prop_DeckRail_01.prefab
  artifactKey: Guid(e67a719ed0182f045891ebd3434bdf69) Importer(815301076,1909f56bfc062723c751e8b465ee728b)
Start importing Assets/PolygonWestern/Prefabs/Props/SM_Prop_DeckRail_01.prefab using Guid(e67a719ed0182f045891ebd3434bdf69) Importer(815301076,1909f56bfc062723c751e8b465ee728b)  -> (artifact id: '773a8eeabbbb13ae65508d3a175fe59f') in 0.025914 seconds
Number of updated asset objects reloaded before import = 0
Number of asset objects unloaded after import = 11
========================================================================
Received Import Request.
  Time since last request: 2.996719 seconds.
  path: Assets/PolygonWestern/Prefabs/Props/SM_Prop_Gallows_01.prefab
  artifactKey: Guid(769b49e7c9c9c9240a19d2aebb0314af) Importer(815301076,1909f56bfc062723c751e8b465ee728b)
Start importing Assets/PolygonWestern/Prefabs/Props/SM_Prop_Gallows_01.prefab using Guid(769b49e7c9c9c9240a19d2aebb0314af) Importer(815301076,1909f56bfc062723c751e8b465ee728b)  -> (artifact id: 'b96231ea6728e5db214376e079c4b599') in 0.053475 seconds
Number of updated asset objects reloaded before import = 0
Number of asset objects unloaded after import = 12
========================================================================
Received Import Request.
  Time since last request: 0.000019 seconds.
  path: Assets/PolygonWestern/Prefabs/Props/SM_Prop_Lantern_Lit_01.prefab
  artifactKey: Guid(a0aa2525ba693f54db86d05aa66bde7d) Importer(815301076,1909f56bfc062723c751e8b465ee728b)
Start importing Assets/PolygonWestern/Prefabs/Props/SM_Prop_Lantern_Lit_01.prefab using Guid(a0aa2525ba693f54db86d05aa66bde7d) Importer(815301076,1909f56bfc062723c751e8b465ee728b)  -> (artifact id: 'a55bf0cf9156d5d3be715f1a6f1587b7') in 0.066019 seconds
Number of updated asset objects reloaded before import = 0
Number of asset objects unloaded after import = 19
========================================================================
Received Import Request.
  Time since last request: 0.000024 seconds.
  path: Assets/PolygonWestern/Prefabs/Props/SM_Prop_Lantern_02.prefab
  artifactKey: Guid(6920950a0cb5f514b9e0e34181da7322) Importer(815301076,1909f56bfc062723c751e8b465ee728b)
Start importing Assets/PolygonWestern/Prefabs/Props/SM_Prop_Lantern_02.prefab using Guid(6920950a0cb5f514b9e0e34181da7322) Importer(815301076,1909f56bfc062723c751e8b465ee728b)  -> (artifact id: '622254cdbb96ffd0f124b5bc661aebeb') in 0.049521 seconds
Number of updated asset objects reloaded before import = 0
Number of asset objects unloaded after import = 16
========================================================================
Received Import Request.
  Time since last request: 1.548562 seconds.
  path: Assets/PolygonWestern/Prefabs/Props/SM_Prop_Milk_Container_01.prefab
  artifactKey: Guid(2350092dab2555d48a660d5439d82826) Importer(815301076,1909f56bfc062723c751e8b465ee728b)
Start importing Assets/PolygonWestern/Prefabs/Props/SM_Prop_Milk_Container_01.prefab using Guid(2350092dab2555d48a660d5439d82826) Importer(815301076,1909f56bfc062723c751e8b465ee728b)  -> (artifact id: 'fd28f3854447e2564e7a55637ab0ea40') in 0.059108 seconds
Number of updated asset objects reloaded before import = 0
Number of asset objects unloaded after import = 11
========================================================================
Received Import Request.
  Time since last request: 0.000035 seconds.
  path: Assets/PolygonWestern/Prefabs/Props/SM_Prop_RoadSign_01.prefab
  artifactKey: Guid(39752768db590ee4091a99714606bad3) Importer(815301076,1909f56bfc062723c751e8b465ee728b)
Start importing Assets/PolygonWestern/Prefabs/Props/SM_Prop_RoadSign_01.prefab using Guid(39752768db590ee4091a99714606bad3) Importer(815301076,1909f56bfc062723c751e8b465ee728b)  -> (artifact id: '698770d27ec5dfd486acca0c53f15ca4') in 0.023759 seconds
Number of updated asset objects reloaded before import = 0
Number of asset objects unloaded after import = 12
========================================================================
Received Import Request.
  Time since last request: 0.000022 seconds.
  path: Assets/PolygonWestern/Prefabs/Props/SM_Prop_Rope_01.prefab
  artifactKey: Guid(4d9c86af04e7ba74093102a01f5cbafa) Importer(815301076,1909f56bfc062723c751e8b465ee728b)
Start importing Assets/PolygonWestern/Prefabs/Props/SM_Prop_Rope_01.prefab using Guid(4d9c86af04e7ba74093102a01f5cbafa) Importer(815301076,1909f56bfc062723c751e8b465ee728b)  -> (artifact id: 'dbd719958b7a93b3465db92b23404b1f') in 0.025714 seconds
Number of updated asset objects reloaded before import = 0
Number of asset objects unloaded after import = 11
========================================================================
Received Import Request.
  Time since last request: 0.857470 seconds.
  path: Assets/PolygonWestern/Prefabs/Props/SM_Prop_Sack_02.prefab
  artifactKey: Guid(83bae42c741c19c47957f524c48aae0b) Importer(815301076,1909f56bfc062723c751e8b465ee728b)
Start importing Assets/PolygonWestern/Prefabs/Props/SM_Prop_Sack_02.prefab using Guid(83bae42c741c19c47957f524c48aae0b) Importer(815301076,1909f56bfc062723c751e8b465ee728b)  -> (artifact id: '708063058c99056f6ae56b61511011ea') in 0.037565 seconds
Number of updated asset objects reloaded before import = 0
Number of asset objects unloaded after import = 11
========================================================================
Received Import Request.
  Time since last request: 0.000034 seconds.
  path: Assets/PolygonWestern/Prefabs/Props/SM_Prop_Stick_02.prefab
  artifactKey: Guid(e4055ae3f41011c408fb07e71c575749) Importer(815301076,1909f56bfc062723c751e8b465ee728b)
Start importing Assets/PolygonWestern/Prefabs/Props/SM_Prop_Stick_02.prefab using Guid(e4055ae3f41011c408fb07e71c575749) Importer(815301076,1909f56bfc062723c751e8b465ee728b)  -> (artifact id: 'f47dfdc8f86ea4c7ad6921372a6d1f34') in 0.024615 seconds
Number of updated asset objects reloaded before import = 0
Number of asset objects unloaded after import = 11
========================================================================
Received Import Request.
  Time since last request: 0.000033 seconds.
  path: Assets/PolygonWestern/Prefabs/Props/SM_Prop_Stool_01.prefab
  artifactKey: Guid(df290cb0c27211d4e88cbf60ec15171f) Importer(815301076,1909f56bfc062723c751e8b465ee728b)
Start importing Assets/PolygonWestern/Prefabs/Props/SM_Prop_Stool_01.prefab using Guid(df290cb0c27211d4e88cbf60ec15171f) Importer(815301076,1909f56bfc062723c751e8b465ee728b)  -> (artifact id: '8f1e06289adfb8783fcbdea1ffda9faf') in 0.028022 seconds
Number of updated asset objects reloaded before import = 0
Number of asset objects unloaded after import = 11
========================================================================
Received Import Request.
  Time since last request: 1.274543 seconds.
  path: Assets/PolygonWestern/Prefabs/Props/SM_Prop_Table_Vegetables_01.prefab
  artifactKey: Guid(18a69d06b26b20840b41025ac29bd0d5) Importer(815301076,1909f56bfc062723c751e8b465ee728b)
Start importing Assets/PolygonWestern/Prefabs/Props/SM_Prop_Table_Vegetables_01.prefab using Guid(18a69d06b26b20840b41025ac29bd0d5) Importer(815301076,1909f56bfc062723c751e8b465ee728b)  -> (artifact id: '30082cb5781d5065b47c29c56d34899b') in 0.029743 seconds
Number of updated asset objects reloaded before import = 0
Number of asset objects unloaded after import = 13
========================================================================
Received Import Request.
  Time since last request: 0.000040 seconds.
  path: Assets/PolygonWestern/Prefabs/Props/SM_Prop_Tin_02.prefab
  artifactKey: Guid(e693c2e62c3d9a44d8cbe443200933c2) Importer(815301076,1909f56bfc062723c751e8b465ee728b)
Start importing Assets/PolygonWestern/Prefabs/Props/SM_Prop_Tin_02.prefab using Guid(e693c2e62c3d9a44d8cbe443200933c2) Importer(815301076,1909f56bfc062723c751e8b465ee728b)  -> (artifact id: '8039d2a0a398ca4e3015a6d4a29d2445') in 0.027457 seconds
Number of updated asset objects reloaded before import = 0
Number of asset objects unloaded after import = 11
========================================================================
Received Import Request.
  Time since last request: 0.000016 seconds.
  path: Assets/PolygonWestern/Prefabs/Props/SM_Prop_Vegetables_Box_04.prefab
  artifactKey: Guid(6e48720e2686baf4b9170b824aaedf0e) Importer(815301076,1909f56bfc062723c751e8b465ee728b)
Start importing Assets/PolygonWestern/Prefabs/Props/SM_Prop_Vegetables_Box_04.prefab using Guid(6e48720e2686baf4b9170b824aaedf0e) Importer(815301076,1909f56bfc062723c751e8b465ee728b)  -> (artifact id: '6caa570cca364a6c71a357d15e747859') in 0.028153 seconds
Number of updated asset objects reloaded before import = 0
Number of asset objects unloaded after import = 11
========================================================================
Received Import Request.
  Time since last request: 0.430544 seconds.
  path: Assets/PolygonWestern/Prefabs/Props/SM_Prop_Wood_Pile_03.prefab
  artifactKey: Guid(05204bd140330a849a3061b953000143) Importer(815301076,1909f56bfc062723c751e8b465ee728b)
Start importing Assets/PolygonWestern/Prefabs/Props/SM_Prop_Wood_Pile_03.prefab using Guid(05204bd140330a849a3061b953000143) Importer(815301076,1909f56bfc062723c751e8b465ee728b)  -> (artifact id: '105c8a1863ffb024b947e10c2067d808') in 0.024712 seconds
Number of updated asset objects reloaded before import = 0
Number of asset objects unloaded after import = 11
Editor requested this worker to shutdown with reason: Scaling down because of idle timeout
TcpMessagingSession - receive error: operation aborted. errorcode: 995, details: The I/O operation has been aborted because of either a thread exit or an application request.
AssetImportWorker is now disconnected from the server
Process exiting
Exiting without the bug reporter. Application will terminate with return code 0